0,1,1
0,2,2
0,3,3
0,4,4
0,5,5
0,6,6
0,7,7
0,8,8
0,9,9
0,10,10
0,11,11
0,12,12
0,13,13
0,14,14
0,15,15
0,16,16
0,17,17
0,18,18
0,19,19
0,20,20
0,21,21
0,22,22
0,23,23
0,24,24
0,25,25
0,26,26
0,27,27
0,28,28
0,29,29
0,30,30
0,31,31
0,32,32
0,33,33
0,34,34
0,35,35
0,36,36
0,37,37
0,38,38
0,39,39
0,40,40
0,41,41
0,42,42
0,43,43
0,44,44
0,45,45
0,46,46
0,47,47
0,48,48
0,49,49
0,50,50
0,51,51
0,52,52
0,53,53
0,54,54
0,55,55
0,56,56
0,57,57
0,58,58
0,59,59
0,60,60
0,61,61
0,62,62
0,63,63
0,64,64
0,65,65
0,66,66
0,67,67
0,68,68
0,69,69
0,70,70
0,71,71
0,72,72
0,73,73
0,74,74
0,75,75
0,76,76
0,77,77
0,78,78
0,79,79
0,80,80
0,81,81
0,82,82
0,83,83
0,84,84
0,85,85
0,86,86
0,87,87
0,88,88
0,89,89
0,90,90
0,91,91
0,92,92
0,93,93
0,94,94
0,95,95
0,96,96
0,97,97
0,98,98
0,99,99
0,100,100
0,101,101
0,102,102
0,103,103
0,104,104
0,105,105
0,106,106
0,107,107
0,108,108
0,109,109
0,110,110
0,111,111
0,112,112
0,113,113
0,114,114
0,115,115
0,116,116
0,117,117
0,118,118
0,119,119
0,120,120
0,121,121
0,122,122
0,123,123
0,124,124
0,125,125
0,126,126
0,127,127
0,128,128
0,129,129
0,130,130
0,131,131
0,132,132
0,133,133
0,134,134
0,135,135
0,136,136
0,137,137
0,138,138
0,139,139
0,140,140
0,141,141
0,142,142
0,143,143
0,144,144
0,145,145
0,146,146
0,147,147
0,148,148
0,149,149
0,150,150
0,151,151
0,152,152
0,153,153
0,154,154
0,155,155
0,156,156
0,157,157
0,158,158
0,159,159
0,160,160
0,161,161
0,162,162
0,163,163
0,164,164
0,165,165
0,166,166
0,167,167
0,168,168
0,169,169
0,170,170
0,171,171
0,172,172
0,173,173
0,174,174
0,175,175
0,176,176
0,177,177
0,178,178
0,179,179
0,180,180
0,181,181
0,182,182
0,183,183
0,184,184
0,185,185
0,186,186
0,187,187
0,188,188
0,189,189
0,190,190
0,191,191
0,192,192
0,193,193
0,194,194
0,195,195
0,196,196
0,197,197
0,198,198
0,199,199
0,200,200
0,201,201
0,202,202
0,203,203
0,204,204
0,205,205
0,206,206
0,207,207
0,208,208
0,209,209
0,210,210
0,211,211
0,212,212
0,213,213
0,214,214
0,215,215
0,216,216
0,217,217
0,218,218
0,219,219
0,220,220
0,221,221
0,222,222
0,223,223
0,224,224
0,225,225
0,226,226
0,227,227
0,228,228
0,229,229
0,230,230
0,231,231
0,232,232
0,233,233
0,234,234
0,235,235
0,236,236
0,237,237
0,238,238
0,239,239
0,240,240
0,241,241
0,242,242
0,243,243
0,244,244
0,245,245
0,246,246
0,247,247
0,248,248
0,249,249
0,250,250
0,251,251
0,252,252
0,253,253
0,254,254
0,255,255
0,256,256
0,257,257
0,258,258
0,259,259
0,260,260
0,261,261
0,262,262
0,263,263
0,264,264
0,265,265
0,266,266
0,267,267
0,268,268
0,269,269
0,270,270
0,271,271
0,272,272
0,273,273
0,274,274
0,275,275
0,276,276
0,277,277
0,278,278
0,279,279
0,280,280
0,281,281
0,282,282
0,283,283
0,284,284
0,285,285
0,286,286
0,287,287
0,288,288
0,289,289
0,290,290
0,291,291
0,292,292
0,293,293
0,294,294
0,295,295
0,296,296
0,297,297
0,298,298
0,299,299
0,300,300
0,301,301
0,302,302
0,303,303
0,304,304
0,305,305
0,306,306
0,307,307
0,308,308
0,309,309
0,310,310
0,311,311
0,312,312
0,313,313
0,314,314
0,315,315
0,316,316
0,317,317
0,318,318
0,319,319
0,320,320
0,321,321
0,322,322
0,323,323
0,324,324
0,325,325
0,326,326
0,327,327
0,328,328
0,329,329
0,330,330
0,331,331
0,332,332
0,333,333
0,334,334
0,335,335
0,336,336
0,337,337
0,338,338
0,339,339
0,340,340
0,341,341
0,342,342
0,343,343
0,344,344
0,345,345
0,346,346
0,347,347
0,348,348
0,349,349
0,350,350
0,351,351
0,352,352
0,353,353
0,354,354
0,355,355
0,356,356
0,357,357
0,358,358
0,359,359
0,360,360
0,361,361
0,362,362
0,363,363
0,364,364
0,365,365
0,366,366
0,367,367
0,368,368
0,369,369
0,370,370
0,371,371
0,372,372
0,373,373
0,374,374
0,375,375
0,376,376
0,377,377
0,378,378
0,379,379
0,380,380
0,381,381
0,382,382
0,383,383
0,384,384
0,385,385
0,386,386
0,387,387
0,388,388
0,389,389
0,390,390
0,391,391
0,392,392
0,393,393
0,394,394
0,395,395
0,396,396
0,397,397
0,398,398
0,399,399
0,400,400
0,401,401
0,402,402
0,403,403
0,404,404
0,405,405
0,406,406
0,407,407
0,408,408
0,409,409
0,410,410
0,411,411
0,412,412
0,413,413
0,414,414
0,415,415
0,416,416
0,417,417
0,418,418
0,419,419
0,420,420
0,421,421
0,422,422
0,423,423
0,424,424
0,425,425
0,426,426
0,427,427
0,428,428
0,429,429
0,430,430
0,431,431
0,432,432
0,433,433
0,434,434
0,435,435
0,436,436
0,437,437
0,438,438
0,439,439
0,440,440
0,441,441
0,442,442
0,443,443
0,444,444
0,445,445
0,446,446
0,447,447
0,448,448
0,449,449
0,450,450
0,451,451
0,452,452
0,453,453
0,454,454
0,455,455
0,456,456
0,457,457
0,458,458
0,459,459
0,460,460
0,461,461
0,462,462
0,463,463
0,464,464
0,465,465
0,466,466
0,467,467
0,468,468
0,469,469
0,470,470
0,471,471
0,472,472
0,473,473
0,474,474
0,475,475
0,476,476
0,477,477
0,478,478
0,479,479
0,480,480
0,481,481
0,482,482
0,483,483
0,484,484
0,485,485
0,486,486
0,487,487
0,488,488
0,489,489
0,490,490
0,491,491
0,492,492
0,493,493
0,494,494
0,495,495
0,496,496
0,497,497
0,498,498
0,499,499
0,500,500
0,501,501
0,502,502
0,503,503
0,504,504
0,505,505
0,506,506
0,507,507
0,508,508
0,509,509
0,510,510
0,511,511
0,512,512
0,513,513
0,514,514
0,515,515
0,516,516
0,517,517
0,518,518
0,519,519
0,520,520
0,521,521
0,522,522
0,523,523
0,524,524
0,525,525
0,526,526
0,527,527
0,528,528
0,529,529
0,530,530
0,531,531
0,532,532
0,533,533
0,534,534
0,535,535
0,536,536
0,537,537
0,538,538
0,539,539
0,540,540
0,541,541
0,542,542
0,543,543
0,544,544
0,545,545
0,546,546
0,547,547
0,548,548
0,549,549
0,550,550
0,551,551
0,552,552
0,553,553
0,554,554
0,555,555
0,556,556
0,557,557
0,558,558
0,559,559
0,560,560
0,561,561
0,562,562
0,563,563
0,564,564
0,565,565
0,566,566
0,567,567
0,568,568
0,569,569
0,570,570
0,571,571
0,572,572
0,573,573
0,574,574
0,575,575
0,576,576
0,577,577
0,578,578
0,579,579
0,580,580
0,581,581
0,582,582
0,583,583
0,584,584
0,585,585
0,586,586
0,587,587
0,588,588
0,589,589
0,590,590
0,591,591
0,592,592
0,593,593
0,594,594
0,595,595
0,596,596
0,597,597
0,598,598
0,599,599
0,600,600
0,601,601
0,602,602
0,603,603
0,604,604
0,605,605
0,606,606
0,607,607
0,608,608
0,609,609
0,610,610
0,611,611
0,612,612
0,613,613
0,614,614
0,615,615
0,616,616
0,617,617
0,618,618
0,619,619
0,620,620
0,621,621
0,622,622
0,623,623
0,624,624
0,625,625
0,626,626
0,627,627
0,628,628
0,629,629
0,630,630
0,631,631
0,632,632
0,633,633
0,634,634
0,635,635
0,636,636
0,637,637
0,638,638
0,639,639
0,640,640
0,641,641
0,642,642
0,643,643
0,644,644
0,645,645
0,646,646
0,647,647
0,648,648
0,649,649
0,650,650
0,651,651
0,652,652
0,653,653
0,654,654
0,655,655
0,656,656
0,657,657
0,658,658
0,659,659
0,660,660
0,661,661
0,662,662
0,663,663
0,664,664
0,665,665
0,666,666
0,667,667
0,668,668
0,669,669
0,670,670
0,671,671
0,672,672
0,673,673
0,674,674
0,675,675
0,676,676
0,677,677
0,678,678
0,679,679
0,680,680
0,681,681
0,682,682
0,683,683
0,684,684
0,685,685
0,686,686
0,687,687
0,688,688
0,689,689
0,690,690
0,691,691
0,692,692
0,693,693
0,694,694
0,695,695
0,696,696
0,697,697
0,698,698
0,699,699
0,700,700
0,701,701
0,702,702
0,703,703
0,704,704
0,705,705
0,706,706
0,707,707
0,708,708
0,709,709
0,710,710
0,711,711
0,712,712
0,713,713
0,714,714
0,715,715
0,716,716
0,717,717
0,718,718
0,719,719
0,720,720
0,721,721
0,722,722
0,723,723
0,724,724
0,725,725
0,726,726
0,727,727
0,728,728
0,729,729
0,730,730
0,731,731
0,732,732
0,733,733
0,734,734
0,735,735
0,736,736
0,737,737
0,738,738
0,739,739
0,740,740
0,741,741
0,742,742
0,743,743
0,744,744
0,745,745
0,746,746
0,747,747
0,748,748
0,749,749
0,750,750
0,751,751
0,752,752
0,753,753
0,754,754
0,755,755
0,756,756
0,757,757
0,758,758
0,759,759
0,760,760
0,761,761
0,762,762
0,763,763
0,764,764
0,765,765
0,766,766
0,767,767
0,768,768
0,769,769
0,770,770
0,771,771
0,772,772
0,773,773
0,774,774
0,775,775
0,776,776
0,777,777
0,778,778
0,779,779
0,780,780
0,781,781
0,782,782
0,783,783
0,784,784
0,785,785
0,786,786
0,787,787
0,788,788
0,789,789
0,790,790
0,791,791
0,792,792
0,793,793
0,794,794
0,795,795
0,796,796
0,797,797
0,798,798
0,799,799
0,800,800
0,801,801
0,802,802
0,803,803
0,804,804
0,805,805
0,806,806
0,807,807
0,808,808
0,809,809
0,810,810
0,811,811
0,812,812
0,813,813
0,814,814
0,815,815
0,816,816
0,817,817
0,818,818
0,819,819
0,820,820
0,821,821
0,822,822
0,823,823
0,824,824
0,825,825
0,826,826
0,827,827
0,828,828
0,829,829
0,830,830
0,831,831
0,832,832
0,833,833
0,834,834
0,835,835
0,836,836
0,837,837
0,838,838
0,839,839
0,840,840
0,841,841
0,842,842
0,843,843
0,844,844
0,845,845
0,846,846
0,847,847
0,848,848
0,849,849
0,850,850
0,851,851
0,852,852
0,853,853
0,854,854
0,855,855
0,856,856
0,857,857
0,858,858
0,859,859
0,860,860
0,861,861
0,862,862
0,863,863
0,864,864
0,865,865
0,866,866
0,867,867
0,868,868
0,869,869
0,870,870
0,871,871
0,872,872
0,873,873
0,874,874
0,875,875
0,876,876
0,877,877
0,878,878
0,879,879
0,880,880
0,881,881
0,882,882
0,883,883
0,884,884
0,885,885
0,886,886
0,887,887
0,888,888
0,889,889
0,890,890
0,891,891
0,892,892
0,893,893
0,894,894
0,895,895
0,896,896
0,897,897
0,898,898
0,899,899
0,900,900
0,901,901
0,902,902
0,903,903
0,904,904
0,905,905
0,906,906
0,907,907
0,908,908
0,909,909
0,910,910
0,911,911
0,912,912
0,913,913
0,914,914
0,915,915
0,916,916
0,917,917
0,918,918
0,919,919
0,920,920
0,921,921
0,922,922
0,923,923
0,924,924
0,925,925
0,926,926
0,927,927
0,928,928
0,929,929
0,930,930
0,931,931
0,932,932
0,933,933
0,934,934
0,935,935
0,936,936
0,937,937
0,938,938
0,939,939
0,940,940
0,941,941
0,942,942
0,943,943
0,944,944
0,945,945
0,946,946
0,947,947
0,948,948
0,949,949
0,950,950
0,951,951
0,952,952
0,953,953
0,954,954
0,955,955
0,956,956
0,957,957
0,958,958
0,959,959
0,960,960
0,961,961
0,962,962
0,963,963
0,964,964
0,965,965
0,966,966
0,967,967
0,968,968
0,969,969
0,970,970
0,971,971
0,972,972
0,973,973
0,974,974
0,975,975
0,976,976
0,977,977
0,978,978
0,979,979
0,980,980
0,981,981
0,982,982
0,983,983
0,984,984
0,985,985
0,986,986
0,987,987
0,988,988
0,989,989
0,990,990
0,991,991
0,992,992
0,993,993
0,994,994
0,995,995
0,996,996
0,997,997
0,998,998
0,999,999
0,1000,1000
2,1,1990
2,2,1991
2,3,1992
2,4,1993
2,5,1994
2,6,1995
2,7,1996
2,8,1997
2,9,1998
2,10,1999
2,11,2000
2,12,2001
2,13,2002
2,14,2003
2,15,2004
2,16,2005
2,17,2006
2,18,2007
2,19,2008
2,20,2009
2,21,2010
2,22,2011
2,23,2012
2,24,2013
2,25,2014
2,26,2015
2,27,2016
2,28,2017
2,29,2018
2,30,2019
2,31,2020
2,32,2021
2,33,2022
2,34,2023
2,35,2024
2,36,2025
2,37,2026
2,38,2027
2,39,2028
2,40,2029
2,41,2030
2,42,2031
2,43,2032
2,44,2033
2,45,2034
2,46,2035
2,47,2036
2,48,2037
2,49,2038
2,50,2039
2,51,2040
2,52,2041
2,53,2042
2,54,2043
2,55,2044
2,56,2045
2,57,2046
2,58,2047
2,59,2048
2,60,2049
2,61,2050
2,62,2051
2,63,2052
2,64,2053
2,65,2054
2,66,2055
2,67,2056
2,68,2057
2,69,2058
2,70,2059
2,71,2060
2,72,2061
2,73,2062
2,74,2063
2,75,2064
2,76,2065
2,77,2066
2,78,2067
2,79,2068
2,80,2069
2,81,2070
2,82,2071
2,83,2072
2,84,2073
2,85,2074
2,86,2075
2,87,2076
2,88,2077
2,89,2078
2,90,2079
2,91,2080
2,92,2081
2,93,2082
2,94,2083
2,95,2084
2,96,2085
2,97,2086
2,98,2087
2,99,2088
2,100,2089
2,101,2090
2,102,2091
2,103,2092
2,104,2093
2,105,2094
2,106,2095
2,107,2096
2,108,2097
2,109,2098
2,110,2099
2,111,2100
2,112,2101
2,113,2102
2,114,2103
2,115,2104
2,116,2105
2,117,2106
2,118,2107
2,119,2108
2,120,2109
2,121,2110
2,122,2111
2,123,2112
2,124,2113
2,125,2114
2,126,2115
2,127,2116
2,128,2117
2,129,2118
2,130,2119
2,131,2120
2,132,2121
2,133,2122
2,134,2123
2,135,2124
2,136,2125
2,137,2126
2,138,2127
2,139,2128
2,140,2129
2,141,2130
2,142,2131
2,143,2132
2,144,2133
2,145,2134
2,146,2135
2,147,2136
2,148,2137
2,149,2138
2,150,2139
2,151,2140
2,152,2141
2,153,2142
2,154,2143
2,155,2144
2,156,2145
2,157,2146
2,158,2147
2,159,2148
2,160,2149
2,161,2150
2,162,2151
2,163,2152
2,164,2153
2,165,2154
2,166,2155
2,167,2156
2,168,2157
2,169,2158
2,170,2159
2,171,2160
2,172,2161
2,173,2162
2,174,2163
2,175,2164
2,176,2165
2,177,2166
2,178,2167
2,179,2168
2,180,2169
2,181,2170
2,182,2171
2,183,2172
2,184,2173
2,185,2174
2,186,2175
2,187,2176
2,188,2177
2,189,2178
2,190,2179
2,191,2180
2,192,2181
2,193,2182
2,194,2183
2,195,2184
2,196,2185
2,197,2186
2,198,2187
2,199,2188
2,200,2189
2,201,2190
2,202,2191
2,203,2192
2,204,2193
2,205,2194
2,206,2195
2,207,2196
2,208,2197
2,209,2198
2,210,2199
2,211,2200
2,212,2201
2,213,2202
2,214,2203
2,215,2204
2,216,2205
2,217,2206
2,218,2207
2,219,2208
2,220,2209
2,221,2210
2,222,2211
2,223,2212
2,224,2213
2,225,2214
2,226,2215
2,227,2216
2,228,2217
2,229,2218
2,230,2219
2,231,2220
2,232,2221
2,233,2222
2,234,2223
2,235,2224
2,236,2225
2,237,2226
2,238,2227
2,239,2228
2,240,2229
2,241,2230
2,242,2231
2,243,2232
2,244,2233
2,245,2234
2,246,2235
2,247,2236
2,248,2237
2,249,2238
2,250,2239
2,251,2240
2,252,2241
2,253,2242
2,254,2243
2,255,2244
2,256,2245
2,257,2246
2,258,2247
2,259,2248
2,260,2249
2,261,2250
2,262,2251
2,263,2252
2,264,2253
2,265,2254
2,266,2255
2,267,2256
2,268,2257
2,269,2258
2,270,2259
2,271,2260
2,272,2261
2,273,2262
2,274,2263
2,275,2264
2,276,2265
2,277,2266
2,278,2267
2,279,2268
2,280,2269
2,281,2270
2,282,2271
2,283,2272
2,284,2273
2,285,2274
2,286,2275
2,287,2276
2,288,2277
2,289,2278
2,290,2279
2,291,2280
2,292,2281
2,293,2282
2,294,2283
2,295,2284
2,296,2285
2,297,2286
2,298,2287
2,299,2288
2,300,2289
2,301,2290
2,302,2291
2,303,2292
2,304,2293
2,305,2294
2,306,2295
2,307,2296
2,308,2297
2,309,2298
2,310,2299
2,311,2300
2,312,2301
2,313,2302
2,314,2303
2,315,2304
2,316,2305
2,317,2306
2,318,2307
2,319,2308
2,320,2309
2,321,2310
2,322,2311
2,323,2312
2,324,2313
2,325,2314
2,326,2315
2,327,2316
2,328,2317
2,329,2318
2,330,2319
2,331,2320
2,332,2321
2,333,2322
2,334,2323
2,335,2324
2,336,2325
2,337,2326
2,338,2327
2,339,2328
2,340,2329
2,341,2330
2,342,2331
2,343,2332
2,344,2333
2,345,2334
2,346,2335
2,347,2336
2,348,2337
2,349,2338
2,350,2339
2,351,2340
2,352,2341
2,353,2342
2,354,2343
2,355,2344
2,356,2345
2,357,2346
2,358,2347
2,359,2348
2,360,2349
2,361,2350
2,362,2351
2,363,2352
2,364,2353
2,365,2354
2,366,2355
2,367,2356
2,368,2357
2,369,2358
2,370,2359
2,371,2360
2,372,2361
2,373,2362
2,374,2363
2,375,2364
2,376,2365
2,377,2366
2,378,2367
2,379,2368
2,380,2369
2,381,2370
2,382,2371
2,383,2372
2,384,2373
2,385,2374
2,386,2375
2,387,2376
2,388,2377
2,389,2378
2,390,2379
2,391,2380
2,392,2381
2,393,2382
2,394,2383
2,395,2384
2,396,2385
2,397,2386
2,398,2387
2,399,2388
2,400,2389
2,401,2390
2,402,2391
2,403,2392
2,404,2393
2,405,2394
2,406,2395
2,407,2396
2,408,2397
2,409,2398
2,410,2399
2,411,2400
2,412,2401
2,413,2402
2,414,2403
2,415,2404
2,416,2405
2,417,2406
2,418,2407
2,419,2408
2,420,2409
2,421,2410
2,422,2411
2,423,2412
2,424,2413
2,425,2414
2,426,2415
2,427,2416
2,428,2417
2,429,2418
2,430,2419
2,431,2420
2,432,2421
2,433,2422
2,434,2423
2,435,2424
2,436,2425
2,437,2426
2,438,2427
2,439,2428
2,440,2429
2,441,2430
2,442,2431
2,443,2432
2,444,2433
2,445,2434
2,446,2435
2,447,2436
2,448,2437
2,449,2438
2,450,2439
2,451,2440
2,452,2441
2,453,2442
2,454,2443
2,455,2444
2,456,2445
2,457,2446
2,458,2447
2,459,2448
2,460,2449
2,461,2450
2,462,2451
2,463,2452
2,464,2453
2,465,2454
2,466,2455
2,467,2456
2,468,2457
2,469,2458
2,470,2459
2,471,2460
2,472,2461
2,473,2462
2,474,2463
2,475,2464
2,476,2465
2,477,2466
2,478,2467
2,479,2468
2,480,2469
2,481,2470
2,482,2471
2,483,2472
2,484,2473
2,485,2474
2,486,2475
2,487,2476
2,488,2477
2,489,2478
2,490,2479
2,491,2480
2,492,2481
2,493,2482
2,494,2483
2,495,2484
2,496,2485
2,497,2486
2,498,2487
2,499,2488
2,500,2489
2,501,2490
2,502,2491
2,503,2492
2,504,2493
2,505,2494
2,506,2495
2,507,2496
2,508,2497
2,509,2498
2,510,2499
2,511,2500
2,512,2501
2,513,2502
2,514,2503
2,515,2504
2,516,2505
2,517,2506
2,518,2507
2,519,2508
2,520,2509
2,521,2510
2,522,2511
2,523,2512
2,524,2513
2,525,2514
2,526,2515
2,527,2516
2,528,2517
2,529,2518
2,530,2519
2,531,2520
2,532,2521
2,533,2522
2,534,2523
2,535,2524
2,536,2525
2,537,2526
2,538,2527
2,539,2528
2,540,2529
2,541,2530
2,542,2531
2,543,2532
2,544,2533
2,545,2534
2,546,2535
2,547,2536
2,548,2537
2,549,2538
2,550,2539
2,551,2540
2,552,2541
2,553,2542
2,554,2543
2,555,2544
2,556,2545
2,557,2546
2,558,2547
2,559,2548
2,560,2549
2,561,2550
2,562,2551
2,563,2552
2,564,2553
2,565,2554
2,566,2555
2,567,2556
2,568,2557
2,569,2558
2,570,2559
2,571,2560
2,572,2561
2,573,2562
2,574,2563
2,575,2564
2,576,2565
2,577,2566
2,578,2567
2,579,2568
2,580,2569
2,581,2570
2,582,2571
2,583,2572
2,584,2573
2,585,2574
2,586,2575
2,587,2576
2,588,2577
2,589,2578
2,590,2579
2,591,2580
2,592,2581
2,593,2582
2,594,2583
2,595,2584
2,596,2585
2,597,2586
2,598,2587
2,599,2588
2,600,2589
2,601,2590
2,602,2591
2,603,2592
2,604,2593
2,605,2594
2,606,2595
2,607,2596
2,608,2597
2,609,2598
2,610,2599
2,611,2600
2,612,2601
2,613,2602
2,614,2603
2,615,2604
2,616,2605
2,617,2606
2,618,2607
2,619,2608
2,620,2609
2,621,2610
2,622,2611
2,623,2612
2,624,2613
2,625,2614
2,626,2615
2,627,2616
2,628,2617
2,629,2618
2,630,2619
2,631,2620
2,632,2621
2,633,2622
2,634,2623
2,635,2624
2,636,2625
2,637,2626
2,638,2627
2,639,2628
2,640,2629
2,641,2630
2,642,2631
2,643,2632
2,644,2633
2,645,2634
2,646,2635
2,647,2636
2,648,2637
2,649,2638
2,650,2639
2,651,2640
2,652,2641
2,653,2642
2,654,2643
2,655,2644
2,656,2645
2,657,2646
2,658,2647
2,659,2648
2,660,2649
2,661,2650
2,662,2651
2,663,2652
2,664,2653
2,665,2654
2,666,2655
2,667,2656
2,668,2657
2,669,2658
2,670,2659
2,671,2660
2,672,2661
2,673,2662
2,674,2663
2,675,2664
2,676,2665
2,677,2666
2,678,2667
2,679,2668
2,680,2669
2,681,2670
2,682,2671
2,683,2672
2,684,2673
2,685,2674
2,686,2675
2,687,2676
2,688,2677
2,689,2678
2,690,2679
2,691,2680
2,692,2681
2,693,2682
2,694,2683
2,695,2684
2,696,2685
2,697,2686
2,698,2687
2,699,2688
2,700,2689
2,701,2690
2,702,2691
2,703,2692
2,704,2693
2,705,2694
2,706,2695
2,707,2696
2,708,2697
2,709,2698
2,710,2699
2,711,2700
2,712,2701
2,713,2702
2,714,2703
2,715,2704
2,716,2705
2,717,2706
2,718,2707
2,719,2708
2,720,2709
2,721,2710
2,722,2711
2,723,2712
2,724,2713
2,725,2714
2,726,2715
2,727,2716
2,728,2717
2,729,2718
2,730,2719
2,731,2720
2,732,2721
2,733,2722
2,734,2723
2,735,2724
2,736,2725
2,737,2726
2,738,2727
2,739,2728
2,740,2729
2,741,2730
2,742,2731
2,743,2732
2,744,2733
2,745,2734
2,746,2735
2,747,2736
2,748,2737
2,749,2738
2,750,2739
2,751,2740
2,752,2741
2,753,2742
2,754,2743
2,755,2744
2,756,2745
2,757,2746
2,758,2747
2,759,2748
2,760,2749
2,761,2750
2,762,2751
2,763,2752
2,764,2753
2,765,2754
2,766,2755
2,767,2756
2,768,2757
2,769,2758
2,770,2759
2,771,2760
2,772,2761
2,773,2762
2,774,2763
2,775,2764
2,776,2765
2,777,2766
2,778,2767
2,779,2768
2,780,2769
2,781,2770
2,782,2771
2,783,2772
2,784,2773
2,785,2774
2,786,2775
2,787,2776
2,788,2777
2,789,2778
2,790,2779
2,791,2780
2,792,2781
2,793,2782
2,794,2783
2,795,2784
2,796,2785
2,797,2786
2,798,2787
2,799,2788
2,800,2789
2,801,2790
2,802,2791
2,803,2792
2,804,2793
2,805,2794
2,806,2795
2,807,2796
2,808,2797
2,809,2798
2,810,2799
2,811,2800
2,812,2801
2,813,2802
2,814,2803
2,815,2804
2,816,2805
2,817,2806
2,818,2807
2,819,2808
2,820,2809
2,821,2810
2,822,2811
2,823,2812
2,824,2813
2,825,2814
2,826,2815
2,827,2816
2,828,2817
2,829,2818
2,830,2819
2,831,2820
2,832,2821
2,833,2822
2,834,2823
2,835,2824
2,836,2825
2,837,2826
2,838,2827
2,839,2828
2,840,2829
2,841,2830
2,842,2831
2,843,2832
2,844,2833
2,845,2834
2,846,2835
2,847,2836
2,848,2837
2,849,2838
2,850,2839
2,851,2840
2,852,2841
2,853,2842
2,854,2843
2,855,2844
2,856,2845
2,857,2846
2,858,2847
2,859,2848
2,860,2849
2,861,2850
2,862,2851
2,863,2852
2,864,2853
2,865,2854
2,866,2855
2,867,2856
2,868,2857
2,869,2858
2,870,2859
2,871,2860
2,872,2861
2,873,2862
2,874,2863
2,875,2864
2,876,2865
2,877,2866
2,878,2867
2,879,2868
2,880,2869
2,881,2870
2,882,2871
2,883,2872
2,884,2873
2,885,2874
2,886,2875
2,887,2876
2,888,2877
2,889,2878
2,890,2879
2,891,2880
2,892,2881
2,893,2882
2,894,2883
2,895,2884
2,896,2885
2,897,2886
2,898,2887
2,899,2888
2,900,2889
2,901,2890
2,902,2891
2,903,2892
2,904,2893
2,905,2894
2,906,2895
2,907,2896
2,908,2897
2,909,2898
2,910,2899
2,911,2900
2,912,2901
2,913,2902
2,914,2903
2,915,2904
2,916,2905
2,917,2906
2,918,2907
2,919,2908
2,920,2909
2,921,2910
2,922,2911
2,923,2912
2,924,2913
2,925,2914
2,926,2915
2,927,2916
2,928,2917
2,929,2918
2,930,2919
2,931,2920
2,932,2921
2,933,2922
2,934,2923
2,935,2924
2,936,2925
2,937,2926
2,938,2927
2,939,2928
2,940,2929
2,941,2930
2,942,2931
2,943,2932
2,944,2933
2,945,2934
2,946,2935
2,947,2936
2,948,2937
2,949,2938
2,950,2939
2,951,2940
2,952,2941
2,953,2942
2,954,2943
2,955,2944
2,956,2945
2,957,2946
2,958,2947
2,959,2948
2,960,2949
2,961,2950
2,962,2951
2,963,2952
2,964,2953
2,965,2954
2,966,2955
2,967,2956
2,968,2957
2,969,2958
2,970,2959
2,971,2960
2,972,2961
2,973,2962
2,974,2963
2,975,2964
2,976,2965
2,977,2966
2,978,2967
2,979,2968
2,980,2969
2,981,2970
2,982,2971
2,983,2972
2,984,2973
2,985,2974
2,986,2975
2,987,2976
2,988,2977
2,989,2978
2,990,2979
2,991,2980
2,992,2981
2,993,2982
2,994,2983
2,995,2984
2,996,2985
2,997,2986
2,998,2987
2,999,2988
2,1000,2989
3,1,2990
3,2,2991
3,3,2992
3,4,2993
3,5,2994
3,6,2995
3,7,2996
3,8,2997
3,9,2998
3,10,2999
3,11,3000
3,12,3001
3,13,3002
3,14,3003
3,15,3004
3,16,3005
3,17,3006
3,18,3007
3,19,3008
3,20,3009
3,21,3010
3,22,3011
3,23,3012
3,24,3013
3,25,3014
3,26,3015
3,27,3016
3,28,3017
3,29,3018
3,30,3019
3,31,3020
3,32,3021
3,33,3022
3,34,3023
3,35,3024
3,36,3025
3,37,3026
3,38,3027
3,39,3028
3,40,3029
3,41,3030
3,42,3031
3,43,3032
3,44,3033
3,45,3034
3,46,3035
3,47,3036
3,48,3037
3,49,3038
3,50,3039
3,51,3040
3,52,3041
3,53,3042
3,54,3043
3,55,3044
3,56,3045
3,57,3046
3,58,3047
3,59,3048
3,60,3049
3,61,3050
3,62,3051
3,63,3052
3,64,3053
3,65,3054
3,66,3055
3,67,3056
3,68,3057
3,69,3058
3,70,3059
3,71,3060
3,72,3061
3,73,3062
3,74,3063
3,75,3064
3,76,3065
3,77,3066
3,78,3067
3,79,3068
3,80,3069
3,81,3070
3,82,3071
3,83,3072
3,84,3073
3,85,3074
3,86,3075
3,87,3076
3,88,3077
3,89,3078
3,90,3079
3,91,3080
3,92,3081
3,93,3082
3,94,3083
3,95,3084
3,96,3085
3,97,3086
3,98,3087
3,99,3088
3,100,3089
3,101,3090
3,102,3091
3,103,3092
3,104,3093
3,105,3094
3,106,3095
3,107,3096
3,108,3097
3,109,3098
3,110,3099
3,111,3100
3,112,3101
3,113,3102
3,114,3103
3,115,3104
3,116,3105
3,117,3106
3,118,3107
3,119,3108
3,120,3109
3,121,3110
3,122,3111
3,123,3112
3,124,3113
3,125,3114
3,126,3115
3,127,3116
3,128,3117
3,129,3118
3,130,3119
3,131,3120
3,132,3121
3,133,3122
3,134,3123
3,135,3124
3,136,3125
3,137,3126
3,138,3127
3,139,3128
3,140,3129
3,141,3130
3,142,3131
3,143,3132
3,144,3133
3,145,3134
3,146,3135
3,147,3136
3,148,3137
3,149,3138
3,150,3139
3,151,3140
3,152,3141
3,153,3142
3,154,3143
3,155,3144
3,156,3145
3,157,3146
3,158,3147
3,159,3148
3,160,3149
3,161,3150
3,162,3151
3,163,3152
3,164,3153
3,165,3154
3,166,3155
3,167,3156
3,168,3157
3,169,3158
3,170,3159
3,171,3160
3,172,3161
3,173,3162
3,174,3163
3,175,3164
3,176,3165
3,177,3166
3,178,3167
3,179,3168
3,180,3169
3,181,3170
3,182,3171
3,183,3172
3,184,3173
3,185,3174
3,186,3175
3,187,3176
3,188,3177
3,189,3178
3,190,3179
3,191,3180
3,192,3181
3,193,3182
3,194,3183
3,195,3184
3,196,3185
3,197,3186
3,198,3187
3,199,3188
3,200,3189
3,201,3190
3,202,3191
3,203,3192
3,204,3193
3,205,3194
3,206,3195
3,207,3196
3,208,3197
3,209,3198
3,210,3199
3,211,3200
3,212,3201
3,213,3202
3,214,3203
3,215,3204
3,216,3205
3,217,3206
3,218,3207
3,219,3208
3,220,3209
3,221,3210
3,222,3211
3,223,3212
3,224,3213
3,225,3214
3,226,3215
3,227,3216
3,228,3217
3,229,3218
3,230,3219
3,231,3220
3,232,3221
3,233,3222
3,234,3223
3,235,3224
3,236,3225
3,237,3226
3,238,3227
3,239,3228
3,240,3229
3,241,3230
3,242,3231
3,243,3232
3,244,3233
3,245,3234
3,246,3235
3,247,3236
3,248,3237
3,249,3238
3,250,3239
3,251,3240
3,252,3241
3,253,3242
3,254,3243
3,255,3244
3,256,3245
3,257,3246
3,258,3247
3,259,3248
3,260,3249
3,261,3250
3,262,3251
3,263,3252
3,264,3253
3,265,3254
3,266,3255
3,267,3256
3,268,3257
3,269,3258
3,270,3259
3,271,3260
3,272,3261
3,273,3262
3,274,3263
3,275,3264
3,276,3265
3,277,3266
3,278,3267
3,279,3268
3,280,3269
3,281,3270
3,282,3271
3,283,3272
3,284,3273
3,285,3274
3,286,3275
3,287,3276
3,288,3277
3,289,3278
3,290,3279
3,291,3280
3,292,3281
3,293,3282
3,294,3283
3,295,3284
3,296,3285
3,297,3286
3,298,3287
3,299,3288
3,300,3289
3,301,3290
3,302,3291
3,303,3292
3,304,3293
3,305,3294
3,306,3295
3,307,3296
3,308,3297
3,309,3298
3,310,3299
3,311,3300
3,312,3301
3,313,3302
3,314,3303
3,315,3304
3,316,3305
3,317,3306
3,318,3307
3,319,3308
3,320,3309
3,321,3310
3,322,3311
3,323,3312
3,324,3313
3,325,3314
3,326,3315
3,327,3316
3,328,3317
3,329,3318
3,330,3319
3,331,3320
3,332,3321
3,333,3322
3,334,3323
3,335,3324
3,336,3325
3,337,3326
3,338,3327
3,339,3328
3,340,3329
3,341,3330
3,342,3331
3,343,3332
3,344,3333
3,345,3334
3,346,3335
3,347,3336
3,348,3337
3,349,3338
3,350,3339
3,351,3340
3,352,3341
3,353,3342
3,354,3343
3,355,3344
3,356,3345
3,357,3346
3,358,3347
3,359,3348
3,360,3349
3,361,3350
3,362,3351
3,363,3352
3,364,3353
3,365,3354
3,366,3355
3,367,3356
3,368,3357
3,369,3358
3,370,3359
3,371,3360
3,372,3361
3,373,3362
3,374,3363
3,375,3364
3,376,3365
3,377,3366
3,378,3367
3,379,3368
3,380,3369
3,381,3370
3,382,3371
3,383,3372
3,384,3373
3,385,3374
3,386,3375
3,387,3376
3,388,3377
3,389,3378
3,390,3379
3,391,3380
3,392,3381
3,393,3382
3,394,3383
3,395,3384
3,396,3385
3,397,3386
3,398,3387
3,399,3388
3,400,3389
3,401,3390
3,402,3391
3,403,3392
3,404,3393
3,405,3394
3,406,3395
3,407,3396
3,408,3397
3,409,3398
3,410,3399
3,411,3400
3,412,3401
3,413,3402
3,414,3403
3,415,3404
3,416,3405
3,417,3406
3,418,3407
3,419,3408
3,420,3409
3,421,3410
3,422,3411
3,423,3412
3,424,3413
3,425,3414
3,426,3415
3,427,3416
3,428,3417
3,429,3418
3,430,3419
3,431,3420
3,432,3421
3,433,3422
3,434,3423
3,435,3424
3,436,3425
3,437,3426
3,438,3427
3,439,3428
3,440,3429
3,441,3430
3,442,3431
3,443,3432
3,444,3433
3,445,3434
3,446,3435
3,447,3436
3,448,3437
3,449,3438
3,450,3439
3,451,3440
3,452,3441
3,453,3442
3,454,3443
3,455,3444
3,456,3445
3,457,3446
3,458,3447
3,459,3448
3,460,3449
3,461,3450
3,462,3451
3,463,3452
3,464,3453
3,465,3454
3,466,3455
3,467,3456
3,468,3457
3,469,3458
3,470,3459
3,471,3460
3,472,3461
3,473,3462
3,474,3463
3,475,3464
3,476,3465
3,477,3466
3,478,3467
3,479,3468
3,480,3469
3,481,3470
3,482,3471
3,483,3472
3,484,3473
3,485,3474
3,486,3475
3,487,3476
3,488,3477
3,489,3478
3,490,3479
3,491,3480
3,492,3481
3,493,3482
3,494,3483
3,495,3484
3,496,3485
3,497,3486
3,498,3487
3,499,3488
3,500,3489
3,501,3490
3,502,3491
3,503,3492
3,504,3493
3,505,3494
3,506,3495
3,507,3496
3,508,3497
3,509,3498
3,510,3499
3,511,3500
3,512,3501
3,513,3502
3,514,3503
3,515,3504
3,516,3505
3,517,3506
3,518,3507
3,519,3508
3,520,3509
3,521,3510
3,522,3511
3,523,3512
3,524,3513
3,525,3514
3,526,3515
3,527,3516
3,528,3517
3,529,3518
3,530,3519
3,531,3520
3,532,3521
3,533,3522
3,534,3523
3,535,3524
3,536,3525
3,537,3526
3,538,3527
3,539,3528
3,540,3529
3,541,3530
3,542,3531
3,543,3532
3,544,3533
3,545,3534
3,546,3535
3,547,3536
3,548,3537
3,549,3538
3,550,3539
3,551,3540
3,552,3541
3,553,3542
3,554,3543
3,555,3544
3,556,3545
3,557,3546
3,558,3547
3,559,3548
3,560,3549
3,561,3550
3,562,3551
3,563,3552
3,564,3553
3,565,3554
3,566,3555
3,567,3556
3,568,3557
3,569,3558
3,570,3559
3,571,3560
3,572,3561
3,573,3562
3,574,3563
3,575,3564
3,576,3565
3,577,3566
3,578,3567
3,579,3568
3,580,3569
3,581,3570
3,582,3571
3,583,3572
3,584,3573
3,585,3574
3,586,3575
3,587,3576
3,588,3577
3,589,3578
3,590,3579
3,591,3580
3,592,3581
3,593,3582
3,594,3583
3,595,3584
3,596,3585
3,597,3586
3,598,3587
3,599,3588
3,600,3589
3,601,3590
3,602,3591
3,603,3592
3,604,3593
3,605,3594
3,606,3595
3,607,3596
3,608,3597
3,609,3598
3,610,3599
3,611,3600
3,612,3601
3,613,3602
3,614,3603
3,615,3604
3,616,3605
3,617,3606
3,618,3607
3,619,3608
3,620,3609
3,621,3610
3,622,3611
3,623,3612
3,624,3613
3,625,3614
3,626,3615
3,627,3616
3,628,3617
3,629,3618
3,630,3619
3,631,3620
3,632,3621
3,633,3622
3,634,3623
3,635,3624
3,636,3625
3,637,3626
3,638,3627
3,639,3628
3,640,3629
3,641,3630
3,642,3631
3,643,3632
3,644,3633
3,645,3634
3,646,3635
3,647,3636
3,648,3637
3,649,3638
3,650,3639
3,651,3640
3,652,3641
3,653,3642
3,654,3643
3,655,3644
3,656,3645
3,657,3646
3,658,3647
3,659,3648
3,660,3649
3,661,3650
3,662,3651
3,663,3652
3,664,3653
3,665,3654
3,666,3655
3,667,3656
3,668,3657
3,669,3658
3,670,3659
3,671,3660
3,672,3661
3,673,3662
3,674,3663
3,675,3664
3,676,3665
3,677,3666
3,678,3667
3,679,3668
3,680,3669
3,681,3670
3,682,3671
3,683,3672
3,684,3673
3,685,3674
3,686,3675
3,687,3676
3,688,3677
3,689,3678
3,690,3679
3,691,3680
3,692,3681
3,693,3682
3,694,3683
3,695,3684
3,696,3685
3,697,3686
3,698,3687
3,699,3688
3,700,3689
3,701,3690
3,702,3691
3,703,3692
3,704,3693
3,705,3694
3,706,3695
3,707,3696
3,708,3697
3,709,3698
3,710,3699
3,711,3700
3,712,3701
3,713,3702
3,714,3703
3,715,3704
3,716,3705
3,717,3706
3,718,3707
3,719,3708
3,720,3709
3,721,3710
3,722,3711
3,723,3712
3,724,3713
3,725,3714
3,726,3715
3,727,3716
3,728,3717
3,729,3718
3,730,3719
3,731,3720
3,732,3721
3,733,3722
3,734,3723
3,735,3724
3,736,3725
3,737,3726
3,738,3727
3,739,3728
3,740,3729
3,741,3730
3,742,3731
3,743,3732
3,744,3733
3,745,3734
3,746,3735
3,747,3736
3,748,3737
3,749,3738
3,750,3739
3,751,3740
3,752,3741
3,753,3742
3,754,3743
3,755,3744
3,756,3745
3,757,3746
3,758,3747
3,759,3748
3,760,3749
3,761,3750
3,762,3751
3,763,3752
3,764,3753
3,765,3754
3,766,3755
3,767,3756
3,768,3757
3,769,3758
3,770,3759
3,771,3760
3,772,3761
3,773,3762
3,774,3763
3,775,3764
3,776,3765
3,777,3766
3,778,3767
3,779,3768
3,780,3769
3,781,3770
3,782,3771
3,783,3772
3,784,3773
3,785,3774
3,786,3775
3,787,3776
3,788,3777
3,789,3778
3,790,3779
3,791,3780
3,792,3781
3,793,3782
3,794,3783
3,795,3784
3,796,3785
3,797,3786
3,798,3787
3,799,3788
3,800,3789
3,801,3790
3,802,3791
3,803,3792
3,804,3793
3,805,3794
3,806,3795
3,807,3796
3,808,3797
3,809,3798
3,810,3799
3,811,3800
3,812,3801
3,813,3802
3,814,3803
3,815,3804
3,816,3805
3,817,3806
3,818,3807
3,819,3808
3,820,3809
3,821,3810
3,822,3811
3,823,3812
3,824,3813
3,825,3814
3,826,3815
3,827,3816
3,828,3817
3,829,3818
3,830,3819
3,831,3820
3,832,3821
3,833,3822
3,834,3823
3,835,3824
3,836,3825
3,837,3826
3,838,3827
3,839,3828
3,840,3829
3,841,3830
3,842,3831
3,843,3832
3,844,3833
3,845,3834
3,846,3835
3,847,3836
3,848,3837
3,849,3838
3,850,3839
3,851,3840
3,852,3841
3,853,3842
3,854,3843
3,855,3844
3,856,3845
3,857,3846
3,858,3847
3,859,3848
3,860,3849
3,861,3850
3,862,3851
3,863,3852
3,864,3853
3,865,3854
3,866,3855
3,867,3856
3,868,3857
3,869,3858
3,870,3859
3,871,3860
3,872,3861
3,873,3862
3,874,3863
3,875,3864
3,876,3865
3,877,3866
3,878,3867
3,879,3868
3,880,3869
3,881,3870
3,882,3871
3,883,3872
3,884,3873
3,885,3874
3,886,3875
3,887,3876
3,888,3877
3,889,3878
3,890,3879
3,891,3880
3,892,3881
3,893,3882
3,894,3883
3,895,3884
3,896,3885
3,897,3886
3,898,3887
3,899,3888
3,900,3889
3,901,3890
3,902,3891
3,903,3892
3,904,3893
3,905,3894
3,906,3895
3,907,3896
3,908,3897
3,909,3898
3,910,3899
3,911,3900
3,912,3901
3,913,3902
3,914,3903
3,915,3904
3,916,3905
3,917,3906
3,918,3907
3,919,3908
3,920,3909
3,921,3910
3,922,3911
3,923,3912
3,924,3913
3,925,3914
3,926,3915
3,927,3916
3,928,3917
3,929,3918
3,930,3919
3,931,3920
3,932,3921
3,933,3922
3,934,3923
3,935,3924
3,936,3925
3,937,3926
3,938,3927
3,939,3928
3,940,3929
3,941,3930
3,942,3931
3,943,3932
3,944,3933
3,945,3934
3,946,3935
3,947,3936
3,948,3937
3,949,3938
3,950,3939
3,951,3940
3,952,3941
3,953,3942
3,954,3943
3,955,3944
3,956,3945
3,957,3946
3,958,3947
3,959,3948
3,960,3949
3,961,3950
3,962,3951
3,963,3952
3,964,3953
3,965,3954
3,966,3955
3,967,3956
3,968,3957
3,969,3958
3,970,3959
3,971,3960
3,972,3961
3,973,3962
3,974,3963
3,975,3964
3,976,3965
3,977,3966
3,978,3967
3,979,3968
3,980,3969
3,981,3970
3,982,3971
3,983,3972
3,984,3973
3,985,3974
3,986,3975
3,987,3976
3,988,3977
3,989,3978
3,990,3979
3,991,3980
3,992,3981
3,993,3982
3,994,3983
3,995,3984
3,996,3985
3,997,3986
3,998,3987
3,999,3988
3,1000,3989
4,1,3990
4,2,3991
4,3,3992
4,4,3993
4,5,3994
4,6,3995
4,7,3996
4,8,3997
4,9,3998
4,10,3999
4,11,4000
4,12,4001
4,13,4002
4,14,4003
4,15,4004
4,16,4005
4,17,4006
4,18,4007
4,19,4008
4,20,4009
4,21,4010
4,22,4011
4,23,4012
4,24,4013
4,25,4014
4,26,4015
4,27,4016
4,28,4017
4,29,4018
4,30,4019
4,31,4020
4,32,4021
4,33,4022
4,34,4023
4,35,4024
4,36,4025
4,37,4026
4,38,4027
4,39,4028
4,40,4029
4,41,4030
4,42,4031
4,43,4032
4,44,4033
4,45,4034
4,46,4035
4,47,4036
4,48,4037
4,49,4038
4,50,4039
4,51,4040
4,52,4041
4,53,4042
4,54,4043
4,55,4044
4,56,4045
4,57,4046
4,58,4047
4,59,4048
4,60,4049
4,61,4050
4,62,4051
4,63,4052
4,64,4053
4,65,4054
4,66,4055
4,67,4056
4,68,4057
4,69,4058
4,70,4059
4,71,4060
4,72,4061
4,73,4062
4,74,4063
4,75,4064
4,76,4065
4,77,4066
4,78,4067
4,79,4068
4,80,4069
4,81,4070
4,82,4071
4,83,4072
4,84,4073
4,85,4074
4,86,4075
4,87,4076
4,88,4077
4,89,4078
4,90,4079
4,91,4080
4,92,4081
4,93,4082
4,94,4083
4,95,4084
4,96,4085
4,97,4086
4,98,4087
4,99,4088
4,100,4089
4,101,4090
4,102,4091
4,103,4092
4,104,4093
4,105,4094
4,106,4095
4,107,4096
4,108,4097
4,109,4098
4,110,4099
4,111,4100
4,112,4101
4,113,4102
4,114,4103
4,115,4104
4,116,4105
4,117,4106
4,118,4107
4,119,4108
4,120,4109
4,121,4110
4,122,4111
4,123,4112
4,124,4113
4,125,4114
4,126,4115
4,127,4116
4,128,4117
4,129,4118
4,130,4119
4,131,4120
4,132,4121
4,133,4122
4,134,4123
4,135,4124
4,136,4125
4,137,4126
4,138,4127
4,139,4128
4,140,4129
4,141,4130
4,142,4131
4,143,4132
4,144,4133
4,145,4134
4,146,4135
4,147,4136
4,148,4137
4,149,4138
4,150,4139
4,151,4140
4,152,4141
4,153,4142
4,154,4143
4,155,4144
4,156,4145
4,157,4146
4,158,4147
4,159,4148
4,160,4149
4,161,4150
4,162,4151
4,163,4152
4,164,4153
4,165,4154
4,166,4155
4,167,4156
4,168,4157
4,169,4158
4,170,4159
4,171,4160
4,172,4161
4,173,4162
4,174,4163
4,175,4164
4,176,4165
4,177,4166
4,178,4167
4,179,4168
4,180,4169
4,181,4170
4,182,4171
4,183,4172
4,184,4173
4,185,4174
4,186,4175
4,187,4176
4,188,4177
4,189,4178
4,190,4179
4,191,4180
4,192,4181
4,193,4182
4,194,4183
4,195,4184
4,196,4185
4,197,4186
4,198,4187
4,199,4188
4,200,4189
4,201,4190
4,202,4191
4,203,4192
4,204,4193
4,205,4194
4,206,4195
4,207,4196
4,208,4197
4,209,4198
4,210,4199
4,211,4200
4,212,4201
4,213,4202
4,214,4203
4,215,4204
4,216,4205
4,217,4206
4,218,4207
4,219,4208
4,220,4209
4,221,4210
4,222,4211
4,223,4212
4,224,4213
4,225,4214
4,226,4215
4,227,4216
4,228,4217
4,229,4218
4,230,4219
4,231,4220
4,232,4221
4,233,4222
4,234,4223
4,235,4224
4,236,4225
4,237,4226
4,238,4227
4,239,4228
4,240,4229
4,241,4230
4,242,4231
4,243,4232
4,244,4233
4,245,4234
4,246,4235
4,247,4236
4,248,4237
4,249,4238
4,250,4239
4,251,4240
4,252,4241
4,253,4242
4,254,4243
4,255,4244
4,256,4245
4,257,4246
4,258,4247
4,259,4248
4,260,4249
4,261,4250
4,262,4251
4,263,4252
4,264,4253
4,265,4254
4,266,4255
4,267,4256
4,268,4257
4,269,4258
4,270,4259
4,271,4260
4,272,4261
4,273,4262
4,274,4263
4,275,4264
4,276,4265
4,277,4266
4,278,4267
4,279,4268
4,280,4269
4,281,4270
4,282,4271
4,283,4272
4,284,4273
4,285,4274
4,286,4275
4,287,4276
4,288,4277
4,289,4278
4,290,4279
4,291,4280
4,292,4281
4,293,4282
4,294,4283
4,295,4284
4,296,4285
4,297,4286
4,298,4287
4,299,4288
4,300,4289
4,301,4290
4,302,4291
4,303,4292
4,304,4293
4,305,4294
4,306,4295
4,307,4296
4,308,4297
4,309,4298
4,310,4299
4,311,4300
4,312,4301
4,313,4302
4,314,4303
4,315,4304
4,316,4305
4,317,4306
4,318,4307
4,319,4308
4,320,4309
4,321,4310
4,322,4311
4,323,4312
4,324,4313
4,325,4314
4,326,4315
4,327,4316
4,328,4317
4,329,4318
4,330,4319
4,331,4320
4,332,4321
4,333,4322
4,334,4323
4,335,4324
4,336,4325
4,337,4326
4,338,4327
4,339,4328
4,340,4329
4,341,4330
4,342,4331
4,343,4332
4,344,4333
4,345,4334
4,346,4335
4,347,4336
4,348,4337
4,349,4338
4,350,4339
4,351,4340
4,352,4341
4,353,4342
4,354,4343
4,355,4344
4,356,4345
4,357,4346
4,358,4347
4,359,4348
4,360,4349
4,361,4350
4,362,4351
4,363,4352
4,364,4353
4,365,4354
4,366,4355
4,367,4356
4,368,4357
4,369,4358
4,370,4359
4,371,4360
4,372,4361
4,373,4362
4,374,4363
4,375,4364
4,376,4365
4,377,4366
4,378,4367
4,379,4368
4,380,4369
4,381,4370
4,382,4371
4,383,4372
4,384,4373
4,385,4374
4,386,4375
4,387,4376
4,388,4377
4,389,4378
4,390,4379
4,391,4380
4,392,4381
4,393,4382
4,394,4383
4,395,4384
4,396,4385
4,397,4386
4,398,4387
4,399,4388
4,400,4389
4,401,4390
4,402,4391
4,403,4392
4,404,4393
4,405,4394
4,406,4395
4,407,4396
4,408,4397
4,409,4398
4,410,4399
4,411,4400
4,412,4401
4,413,4402
4,414,4403
4,415,4404
4,416,4405
4,417,4406
4,418,4407
4,419,4408
4,420,4409
4,421,4410
4,422,4411
4,423,4412
4,424,4413
4,425,4414
4,426,4415
4,427,4416
4,428,4417
4,429,4418
4,430,4419
4,431,4420
4,432,4421
4,433,4422
4,434,4423
4,435,4424
4,436,4425
4,437,4426
4,438,4427
4,439,4428
4,440,4429
4,441,4430
4,442,4431
4,443,4432
4,444,4433
4,445,4434
4,446,4435
4,447,4436
4,448,4437
4,449,4438
4,450,4439
4,451,4440
4,452,4441
4,453,4442
4,454,4443
4,455,4444
4,456,4445
4,457,4446
4,458,4447
4,459,4448
4,460,4449
4,461,4450
4,462,4451
4,463,4452
4,464,4453
4,465,4454
4,466,4455
4,467,4456
4,468,4457
4,469,4458
4,470,4459
4,471,4460
4,472,4461
4,473,4462
4,474,4463
4,475,4464
4,476,4465
4,477,4466
4,478,4467
4,479,4468
4,480,4469
4,481,4470
4,482,4471
4,483,4472
4,484,4473
4,485,4474
4,486,4475
4,487,4476
4,488,4477
4,489,4478
4,490,4479
4,491,4480
4,492,4481
4,493,4482
4,494,4483
4,495,4484
4,496,4485
4,497,4486
4,498,4487
4,499,4488
4,500,4489
4,501,4490
4,502,4491
4,503,4492
4,504,4493
4,505,4494
4,506,4495
4,507,4496
4,508,4497
4,509,4498
4,510,4499
4,511,4500
4,512,4501
4,513,4502
4,514,4503
4,515,4504
4,516,4505
4,517,4506
4,518,4507
4,519,4508
4,520,4509
4,521,4510
4,522,4511
4,523,4512
4,524,4513
4,525,4514
4,526,4515
4,527,4516
4,528,4517
4,529,4518
4,530,4519
4,531,4520
4,532,4521
4,533,4522
4,534,4523
4,535,4524
4,536,4525
4,537,4526
4,538,4527
4,539,4528
4,540,4529
4,541,4530
4,542,4531
4,543,4532
4,544,4533
4,545,4534
4,546,4535
4,547,4536
4,548,4537
4,549,4538
4,550,4539
4,551,4540
4,552,4541
4,553,4542
4,554,4543
4,555,4544
4,556,4545
4,557,4546
4,558,4547
4,559,4548
4,560,4549
4,561,4550
4,562,4551
4,563,4552
4,564,4553
4,565,4554
4,566,4555
4,567,4556
4,568,4557
4,569,4558
4,570,4559
4,571,4560
4,572,4561
4,573,4562
4,574,4563
4,575,4564
4,576,4565
4,577,4566
4,578,4567
4,579,4568
4,580,4569
4,581,4570
4,582,4571
4,583,4572
4,584,4573
4,585,4574
4,586,4575
4,587,4576
4,588,4577
4,589,4578
4,590,4579
4,591,4580
4,592,4581
4,593,4582
4,594,4583
4,595,4584
4,596,4585
4,597,4586
4,598,4587
4,599,4588
4,600,4589
4,601,4590
4,602,4591
4,603,4592
4,604,4593
4,605,4594
4,606,4595
4,607,4596
4,608,4597
4,609,4598
4,610,4599
4,611,4600
4,612,4601
4,613,4602
4,614,4603
4,615,4604
4,616,4605
4,617,4606
4,618,4607
4,619,4608
4,620,4609
4,621,4610
4,622,4611
4,623,4612
4,624,4613
4,625,4614
4,626,4615
4,627,4616
4,628,4617
4,629,4618
4,630,4619
4,631,4620
4,632,4621
4,633,4622
4,634,4623
4,635,4624
4,636,4625
4,637,4626
4,638,4627
4,639,4628
4,640,4629
4,641,4630
4,642,4631
4,643,4632
4,644,4633
4,645,4634
4,646,4635
4,647,4636
4,648,4637
4,649,4638
4,650,4639
4,651,4640
4,652,4641
4,653,4642
4,654,4643
4,655,4644
4,656,4645
4,657,4646
4,658,4647
4,659,4648
4,660,4649
4,661,4650
4,662,4651
4,663,4652
4,664,4653
4,665,4654
4,666,4655
4,667,4656
4,668,4657
4,669,4658
4,670,4659
4,671,4660
4,672,4661
4,673,4662
4,674,4663
4,675,4664
4,676,4665
4,677,4666
4,678,4667
4,679,4668
4,680,4669
4,681,4670
4,682,4671
4,683,4672
4,684,4673
4,685,4674
4,686,4675
4,687,4676
4,688,4677
4,689,4678
4,690,4679
4,691,4680
4,692,4681
4,693,4682
4,694,4683
4,695,4684
4,696,4685
4,697,4686
4,698,4687
4,699,4688
4,700,4689
4,701,4690
4,702,4691
4,703,4692
4,704,4693
4,705,4694
4,706,4695
4,707,4696
4,708,4697
4,709,4698
4,710,4699
4,711,4700
4,712,4701
4,713,4702
4,714,4703
4,715,4704
4,716,4705
4,717,4706
4,718,4707
4,719,4708
4,720,4709
4,721,4710
4,722,4711
4,723,4712
4,724,4713
4,725,4714
4,726,4715
4,727,4716
4,728,4717
4,729,4718
4,730,4719
4,731,4720
4,732,4721
4,733,4722
4,734,4723
4,735,4724
4,736,4725
4,737,4726
4,738,4727
4,739,4728
4,740,4729
4,741,4730
4,742,4731
4,743,4732
4,744,4733
4,745,4734
4,746,4735
4,747,4736
4,748,4737
4,749,4738
4,750,4739
4,751,4740
4,752,4741
4,753,4742
4,754,4743
4,755,4744
4,756,4745
4,757,4746
4,758,4747
4,759,4748
4,760,4749
4,761,4750
4,762,4751
4,763,4752
4,764,4753
4,765,4754
4,766,4755
4,767,4756
4,768,4757
4,769,4758
4,770,4759
4,771,4760
4,772,4761
4,773,4762
4,774,4763
4,775,4764
4,776,4765
4,777,4766
4,778,4767
4,779,4768
4,780,4769
4,781,4770
4,782,4771
4,783,4772
4,784,4773
4,785,4774
4,786,4775
4,787,4776
4,788,4777
4,789,4778
4,790,4779
4,791,4780
4,792,4781
4,793,4782
4,794,4783
4,795,4784
4,796,4785
4,797,4786
4,798,4787
4,799,4788
4,800,4789
4,801,4790
4,802,4791
4,803,4792
4,804,4793
4,805,4794
4,806,4795
4,807,4796
4,808,4797
4,809,4798
4,810,4799
4,811,4800
4,812,4801
4,813,4802
4,814,4803
4,815,4804
4,816,4805
4,817,4806
4,818,4807
4,819,4808
4,820,4809
4,821,4810
4,822,4811
4,823,4812
4,824,4813
4,825,4814
4,826,4815
4,827,4816
4,828,4817
4,829,4818
4,830,4819
4,831,4820
4,832,4821
4,833,4822
4,834,4823
4,835,4824
4,836,4825
4,837,4826
4,838,4827
4,839,4828
4,840,4829
4,841,4830
4,842,4831
4,843,4832
4,844,4833
4,845,4834
4,846,4835
4,847,4836
4,848,4837
4,849,4838
4,850,4839
4,851,4840
4,852,4841
4,853,4842
4,854,4843
4,855,4844
4,856,4845
4,857,4846
4,858,4847
4,859,4848
4,860,4849
4,861,4850
4,862,4851
4,863,4852
4,864,4853
4,865,4854
4,866,4855
4,867,4856
4,868,4857
4,869,4858
4,870,4859
4,871,4860
4,872,4861
4,873,4862
4,874,4863
4,875,4864
4,876,4865
4,877,4866
4,878,4867
4,879,4868
4,880,4869
4,881,4870
4,882,4871
4,883,4872
4,884,4873
4,885,4874
4,886,4875
4,887,4876
4,888,4877
4,889,4878
4,890,4879
4,891,4880
4,892,4881
4,893,4882
4,894,4883
4,895,4884
4,896,4885
4,897,4886
4,898,4887
4,899,4888
4,900,4889
4,901,4890
4,902,4891
4,903,4892
4,904,4893
4,905,4894
4,906,4895
4,907,4896
4,908,4897
4,909,4898
4,910,4899
4,911,4900
4,912,4901
4,913,4902
4,914,4903
4,915,4904
4,916,4905
4,917,4906
4,918,4907
4,919,4908
4,920,4909
4,921,4910
4,922,4911
4,923,4912
4,924,4913
4,925,4914
4,926,4915
4,927,4916
4,928,4917
4,929,4918
4,930,4919
4,931,4920
4,932,4921
4,933,4922
4,934,4923
4,935,4924
4,936,4925
4,937,4926
4,938,4927
4,939,4928
4,940,4929
4,941,4930
4,942,4931
4,943,4932
4,944,4933
4,945,4934
4,946,4935
4,947,4936
4,948,4937
4,949,4938
4,950,4939
4,951,4940
4,952,4941
4,953,4942
4,954,4943
4,955,4944
4,956,4945
4,957,4946
4,958,4947
4,959,4948
4,960,4949
4,961,4950
4,962,4951
4,963,4952
4,964,4953
4,965,4954
4,966,4955
4,967,4956
4,968,4957
4,969,4958
4,970,4959
4,971,4960
4,972,4961
4,973,4962
4,974,4963
4,975,4964
4,976,4965
4,977,4966
4,978,4967
4,979,4968
4,980,4969
4,981,4970
4,982,4971
4,983,4972
4,984,4973
4,985,4974
4,986,4975
4,987,4976
4,988,4977
4,989,4978
4,990,4979
4,991,4980
4,992,4981
4,993,4982
4,994,4983
4,995,4984
4,996,4985
4,997,4986
4,998,4987
4,999,4988
4,1000,4989
5,1,4990
5,2,4991
5,3,4992
5,4,4993
5,5,4994
5,6,4995
5,7,4996
5,8,4997
5,9,4998
5,10,4999
5,11,5000
5,12,5001
5,13,5002
5,14,5003
5,15,5004
5,16,5005
5,17,5006
5,18,5007
5,19,5008
5,20,5009
5,21,5010
5,22,5011
5,23,5012
5,24,5013
5,25,5014
5,26,5015
5,27,5016
5,28,5017
5,29,5018
5,30,5019
5,31,5020
5,32,5021
5,33,5022
5,34,5023
5,35,5024
5,36,5025
5,37,5026
5,38,5027
5,39,5028
5,40,5029
5,41,5030
5,42,5031
5,43,5032
5,44,5033
5,45,5034
5,46,5035
5,47,5036
5,48,5037
5,49,5038
5,50,5039
5,51,5040
5,52,5041
5,53,5042
5,54,5043
5,55,5044
5,56,5045
5,57,5046
5,58,5047
5,59,5048
5,60,5049
5,61,5050
5,62,5051
5,63,5052
5,64,5053
5,65,5054
5,66,5055
5,67,5056
5,68,5057
5,69,5058
5,70,5059
5,71,5060
5,72,5061
5,73,5062
5,74,5063
5,75,5064
5,76,5065
5,77,5066
5,78,5067
5,79,5068
5,80,5069
5,81,5070
5,82,5071
5,83,5072
5,84,5073
5,85,5074
5,86,5075
5,87,5076
5,88,5077
5,89,5078
5,90,5079
5,91,5080
5,92,5081
5,93,5082
5,94,5083
5,95,5084
5,96,5085
5,97,5086
5,98,5087
5,99,5088
5,100,5089
5,101,5090
5,102,5091
5,103,5092
5,104,5093
5,105,5094
5,106,5095
5,107,5096
5,108,5097
5,109,5098
5,110,5099
5,111,5100
5,112,5101
5,113,5102
5,114,5103
5,115,5104
5,116,5105
5,117,5106
5,118,5107
5,119,5108
5,120,5109
5,121,5110
5,122,5111
5,123,5112
5,124,5113
5,125,5114
5,126,5115
5,127,5116
5,128,5117
5,129,5118
5,130,5119
5,131,5120
5,132,5121
5,133,5122
5,134,5123
5,135,5124
5,136,5125
5,137,5126
5,138,5127
5,139,5128
5,140,5129
5,141,5130
5,142,5131
5,143,5132
5,144,5133
5,145,5134
5,146,5135
5,147,5136
5,148,5137
5,149,5138
5,150,5139
5,151,5140
5,152,5141
5,153,5142
5,154,5143
5,155,5144
5,156,5145
5,157,5146
5,158,5147
5,159,5148
5,160,5149
5,161,5150
5,162,5151
5,163,5152
5,164,5153
5,165,5154
5,166,5155
5,167,5156
5,168,5157
5,169,5158
5,170,5159
5,171,5160
5,172,5161
5,173,5162
5,174,5163
5,175,5164
5,176,5165
5,177,5166
5,178,5167
5,179,5168
5,180,5169
5,181,5170
5,182,5171
5,183,5172
5,184,5173
5,185,5174
5,186,5175
5,187,5176
5,188,5177
5,189,5178
5,190,5179
5,191,5180
5,192,5181
5,193,5182
5,194,5183
5,195,5184
5,196,5185
5,197,5186
5,198,5187
5,199,5188
5,200,5189
5,201,5190
5,202,5191
5,203,5192
5,204,5193
5,205,5194
5,206,5195
5,207,5196
5,208,5197
5,209,5198
5,210,5199
5,211,5200
5,212,5201
5,213,5202
5,214,5203
5,215,5204
5,216,5205
5,217,5206
5,218,5207
5,219,5208
5,220,5209
5,221,5210
5,222,5211
5,223,5212
5,224,5213
5,225,5214
5,226,5215
5,227,5216
5,228,5217
5,229,5218
5,230,5219
5,231,5220
5,232,5221
5,233,5222
5,234,5223
5,235,5224
5,236,5225
5,237,5226
5,238,5227
5,239,5228
5,240,5229
5,241,5230
5,242,5231
5,243,5232
5,244,5233
5,245,5234
5,246,5235
5,247,5236
5,248,5237
5,249,5238
5,250,5239
5,251,5240
5,252,5241
5,253,5242
5,254,5243
5,255,5244
5,256,5245
5,257,5246
5,258,5247
5,259,5248
5,260,5249
5,261,5250
5,262,5251
5,263,5252
5,264,5253
5,265,5254
5,266,5255
5,267,5256
5,268,5257
5,269,5258
5,270,5259
5,271,5260
5,272,5261
5,273,5262
5,274,5263
5,275,5264
5,276,5265
5,277,5266
5,278,5267
5,279,5268
5,280,5269
5,281,5270
5,282,5271
5,283,5272
5,284,5273
5,285,5274
5,286,5275
5,287,5276
5,288,5277
5,289,5278
5,290,5279
5,291,5280
5,292,5281
5,293,5282
5,294,5283
5,295,5284
5,296,5285
5,297,5286
5,298,5287
5,299,5288
5,300,5289
5,301,5290
5,302,5291
5,303,5292
5,304,5293
5,305,5294
5,306,5295
5,307,5296
5,308,5297
5,309,5298
5,310,5299
5,311,5300
5,312,5301
5,313,5302
5,314,5303
5,315,5304
5,316,5305
5,317,5306
5,318,5307
5,319,5308
5,320,5309
5,321,5310
5,322,5311
5,323,5312
5,324,5313
5,325,5314
5,326,5315
5,327,5316
5,328,5317
5,329,5318
5,330,5319
5,331,5320
5,332,5321
5,333,5322
5,334,5323
5,335,5324
5,336,5325
5,337,5326
5,338,5327
5,339,5328
5,340,5329
5,341,5330
5,342,5331
5,343,5332
5,344,5333
5,345,5334
5,346,5335
5,347,5336
5,348,5337
5,349,5338
5,350,5339
5,351,5340
5,352,5341
5,353,5342
5,354,5343
5,355,5344
5,356,5345
5,357,5346
5,358,5347
5,359,5348
5,360,5349
5,361,5350
5,362,5351
5,363,5352
5,364,5353
5,365,5354
5,366,5355
5,367,5356
5,368,5357
5,369,5358
5,370,5359
5,371,5360
5,372,5361
5,373,5362
5,374,5363
5,375,5364
5,376,5365
5,377,5366
5,378,5367
5,379,5368
5,380,5369
5,381,5370
5,382,5371
5,383,5372
5,384,5373
5,385,5374
5,386,5375
5,387,5376
5,388,5377
5,389,5378
5,390,5379
5,391,5380
5,392,5381
5,393,5382
5,394,5383
5,395,5384
5,396,5385
5,397,5386
5,398,5387
5,399,5388
5,400,5389
5,401,5390
5,402,5391
5,403,5392
5,404,5393
5,405,5394
5,406,5395
5,407,5396
5,408,5397
5,409,5398
5,410,5399
5,411,5400
5,412,5401
5,413,5402
5,414,5403
5,415,5404
5,416,5405
5,417,5406
5,418,5407
5,419,5408
5,420,5409
5,421,5410
5,422,5411
5,423,5412
5,424,5413
5,425,5414
5,426,5415
5,427,5416
5,428,5417
5,429,5418
5,430,5419
5,431,5420
5,432,5421
5,433,5422
5,434,5423
5,435,5424
5,436,5425
5,437,5426
5,438,5427
5,439,5428
5,440,5429
5,441,5430
5,442,5431
5,443,5432
5,444,5433
5,445,5434
5,446,5435
5,447,5436
5,448,5437
5,449,5438
5,450,5439
5,451,5440
5,452,5441
5,453,5442
5,454,5443
5,455,5444
5,456,5445
5,457,5446
5,458,5447
5,459,5448
5,460,5449
5,461,5450
5,462,5451
5,463,5452
5,464,5453
5,465,5454
5,466,5455
5,467,5456
5,468,5457
5,469,5458
5,470,5459
5,471,5460
5,472,5461
5,473,5462
5,474,5463
5,475,5464
5,476,5465
5,477,5466
5,478,5467
5,479,5468
5,480,5469
5,481,5470
5,482,5471
5,483,5472
5,484,5473
5,485,5474
5,486,5475
5,487,5476
5,488,5477
5,489,5478
5,490,5479
5,491,5480
5,492,5481
5,493,5482
5,494,5483
5,495,5484
5,496,5485
5,497,5486
5,498,5487
5,499,5488
5,500,5489
5,501,5490
5,502,5491
5,503,5492
5,504,5493
5,505,5494
5,506,5495
5,507,5496
5,508,5497
5,509,5498
5,510,5499
5,511,5500
5,512,5501
5,513,5502
5,514,5503
5,515,5504
5,516,5505
5,517,5506
5,518,5507
5,519,5508
5,520,5509
5,521,5510
5,522,5511
5,523,5512
5,524,5513
5,525,5514
5,526,5515
5,527,5516
5,528,5517
5,529,5518
5,530,5519
5,531,5520
5,532,5521
5,533,5522
5,534,5523
5,535,5524
5,536,5525
5,537,5526
5,538,5527
5,539,5528
5,540,5529
5,541,5530
5,542,5531
5,543,5532
5,544,5533
5,545,5534
5,546,5535
5,547,5536
5,548,5537
5,549,5538
5,550,5539
5,551,5540
5,552,5541
5,553,5542
5,554,5543
5,555,5544
5,556,5545
5,557,5546
5,558,5547
5,559,5548
5,560,5549
5,561,5550
5,562,5551
5,563,5552
5,564,5553
5,565,5554
5,566,5555
5,567,5556
5,568,5557
5,569,5558
5,570,5559
5,571,5560
5,572,5561
5,573,5562
5,574,5563
5,575,5564
5,576,5565
5,577,5566
5,578,5567
5,579,5568
5,580,5569
5,581,5570
5,582,5571
5,583,5572
5,584,5573
5,585,5574
5,586,5575
5,587,5576
5,588,5577
5,589,5578
5,590,5579
5,591,5580
5,592,5581
5,593,5582
5,594,5583
5,595,5584
5,596,5585
5,597,5586
5,598,5587
5,599,5588
5,600,5589
5,601,5590
5,602,5591
5,603,5592
5,604,5593
5,605,5594
5,606,5595
5,607,5596
5,608,5597
5,609,5598
5,610,5599
5,611,5600
5,612,5601
5,613,5602
5,614,5603
5,615,5604
5,616,5605
5,617,5606
5,618,5607
5,619,5608
5,620,5609
5,621,5610
5,622,5611
5,623,5612
5,624,5613
5,625,5614
5,626,5615
5,627,5616
5,628,5617
5,629,5618
5,630,5619
5,631,5620
5,632,5621
5,633,5622
5,634,5623
5,635,5624
5,636,5625
5,637,5626
5,638,5627
5,639,5628
5,640,5629
5,641,5630
5,642,5631
5,643,5632
5,644,5633
5,645,5634
5,646,5635
5,647,5636
5,648,5637
5,649,5638
5,650,5639
5,651,5640
5,652,5641
5,653,5642
5,654,5643
5,655,5644
5,656,5645
5,657,5646
5,658,5647
5,659,5648
5,660,5649
5,661,5650
5,662,5651
5,663,5652
5,664,5653
5,665,5654
5,666,5655
5,667,5656
5,668,5657
5,669,5658
5,670,5659
5,671,5660
5,672,5661
5,673,5662
5,674,5663
5,675,5664
5,676,5665
5,677,5666
5,678,5667
5,679,5668
5,680,5669
5,681,5670
5,682,5671
5,683,5672
5,684,5673
5,685,5674
5,686,5675
5,687,5676
5,688,5677
5,689,5678
5,690,5679
5,691,5680
5,692,5681
5,693,5682
5,694,5683
5,695,5684
5,696,5685
5,697,5686
5,698,5687
5,699,5688
5,700,5689
5,701,5690
5,702,5691
5,703,5692
5,704,5693
5,705,5694
5,706,5695
5,707,5696
5,708,5697
5,709,5698
5,710,5699
5,711,5700
5,712,5701
5,713,5702
5,714,5703
5,715,5704
5,716,5705
5,717,5706
5,718,5707
5,719,5708
5,720,5709
5,721,5710
5,722,5711
5,723,5712
5,724,5713
5,725,5714
5,726,5715
5,727,5716
5,728,5717
5,729,5718
5,730,5719
5,731,5720
5,732,5721
5,733,5722
5,734,5723
5,735,5724
5,736,5725
5,737,5726
5,738,5727
5,739,5728
5,740,5729
5,741,5730
5,742,5731
5,743,5732
5,744,5733
5,745,5734
5,746,5735
5,747,5736
5,748,5737
5,749,5738
5,750,5739
5,751,5740
5,752,5741
5,753,5742
5,754,5743
5,755,5744
5,756,5745
5,757,5746
5,758,5747
5,759,5748
5,760,5749
5,761,5750
5,762,5751
5,763,5752
5,764,5753
5,765,5754
5,766,5755
5,767,5756
5,768,5757
5,769,5758
5,770,5759
5,771,5760
5,772,5761
5,773,5762
5,774,5763
5,775,5764
5,776,5765
5,777,5766
5,778,5767
5,779,5768
5,780,5769
5,781,5770
5,782,5771
5,783,5772
5,784,5773
5,785,5774
5,786,5775
5,787,5776
5,788,5777
5,789,5778
5,790,5779
5,791,5780
5,792,5781
5,793,5782
5,794,5783
5,795,5784
5,796,5785
5,797,5786
5,798,5787
5,799,5788
5,800,5789
5,801,5790
5,802,5791
5,803,5792
5,804,5793
5,805,5794
5,806,5795
5,807,5796
5,808,5797
5,809,5798
5,810,5799
5,811,5800
5,812,5801
5,813,5802
5,814,5803
5,815,5804
5,816,5805
5,817,5806
5,818,5807
5,819,5808
5,820,5809
5,821,5810
5,822,5811
5,823,5812
5,824,5813
5,825,5814
5,826,5815
5,827,5816
5,828,5817
5,829,5818
5,830,5819
5,831,5820
5,832,5821
5,833,5822
5,834,5823
5,835,5824
5,836,5825
5,837,5826
5,838,5827
5,839,5828
5,840,5829
5,841,5830
5,842,5831
5,843,5832
5,844,5833
5,845,5834
5,846,5835
5,847,5836
5,848,5837
5,849,5838
5,850,5839
5,851,5840
5,852,5841
5,853,5842
5,854,5843
5,855,5844
5,856,5845
5,857,5846
5,858,5847
5,859,5848
5,860,5849
5,861,5850
5,862,5851
5,863,5852
5,864,5853
5,865,5854
5,866,5855
5,867,5856
5,868,5857
5,869,5858
5,870,5859
5,871,5860
5,872,5861
5,873,5862
5,874,5863
5,875,5864
5,876,5865
5,877,5866
5,878,5867
5,879,5868
5,880,5869
5,881,5870
5,882,5871
5,883,5872
5,884,5873
5,885,5874
5,886,5875
5,887,5876
5,888,5877
5,889,5878
5,890,5879
5,891,5880
5,892,5881
5,893,5882
5,894,5883
5,895,5884
5,896,5885
5,897,5886
5,898,5887
5,899,5888
5,900,5889
5,901,5890
5,902,5891
5,903,5892
5,904,5893
5,905,5894
5,906,5895
5,907,5896
5,908,5897
5,909,5898
5,910,5899
5,911,5900
5,912,5901
5,913,5902
5,914,5903
5,915,5904
5,916,5905
5,917,5906
5,918,5907
5,919,5908
5,920,5909
5,921,5910
5,922,5911
5,923,5912
5,924,5913
5,925,5914
5,926,5915
5,927,5916
5,928,5917
5,929,5918
5,930,5919
5,931,5920
5,932,5921
5,933,5922
5,934,5923
5,935,5924
5,936,5925
5,937,5926
5,938,5927
5,939,5928
5,940,5929
5,941,5930
5,942,5931
5,943,5932
5,944,5933
5,945,5934
5,946,5935
5,947,5936
5,948,5937
5,949,5938
5,950,5939
5,951,5940
5,952,5941
5,953,5942
5,954,5943
5,955,5944
5,956,5945
5,957,5946
5,958,5947
5,959,5948
5,960,5949
5,961,5950
5,962,5951
5,963,5952
5,964,5953
5,965,5954
5,966,5955
5,967,5956
5,968,5957
5,969,5958
5,970,5959
5,971,5960
5,972,5961
5,973,5962
5,974,5963
5,975,5964
5,976,5965
5,977,5966
5,978,5967
5,979,5968
5,980,5969
5,981,5970
5,982,5971
5,983,5972
5,984,5973
5,985,5974
5,986,5975
5,987,5976
5,988,5977
5,989,5978
5,990,5979
5,991,5980
5,992,5981
5,993,5982
5,994,5983
5,995,5984
5,996,5985
5,997,5986
5,998,5987
5,999,5988
5,1000,5989
